This file contains any messages produced by compilers while
running configure, to aid debugging if configure makes a mistake.

It was created by configure, which was
generated by GNU Autoconf 2.59.  Invocation command line was

  $ ./configure 

## --------- ##
## Platform. ##
## --------- ##

hostname = ZhihaoZhengdeMacBook-Pro.local
uname -m = x86_64
uname -r = 14.1.0
uname -s = Darwin
uname -v = Darwin Kernel Version 14.1.0: Mon Dec 22 23:10:38 PST 2014; root:xnu-2782.10.72~2/RELEASE_X86_64

/usr/bin/uname -p = i386
/bin/uname -X     = unknown

/bin/arch              = unknown
/usr/bin/arch -k       = unknown
/usr/convex/getsysinfo = unknown
hostinfo               = Mach kernel version:
	 Darwin Kernel Version 14.1.0: Mon Dec 22 23:10:38 PST 2014; root:xnu-2782.10.72~2/RELEASE_X86_64
Kernel configured for up to 4 processors.
2 processors are physically available.
4 processors are logically available.
Processor type: x86_64h (Intel x86-64h Haswell)
Processors active: 0 1 2 3
Primary memory available: 8.00 gigabytes
Default processor set: 233 tasks, 1058 threads, 4 processors
Load average: 1.18, Mach factor: 2.81
/bin/machine           = unknown
/usr/bin/oslevel       = unknown
/bin/universe          = unknown

PATH: /Library/Frameworks/Python.framework/Versions/2.7/bin
PATH: /usr/local/bin
PATH: /usr/bin
PATH: /bin
PATH: /usr/sbin
PATH: /sbin
PATH: /usr/texbin


## ----------- ##
## Core tests. ##
## ----------- ##

configure:1538: checking for a BSD-compatible install
configure:1593: result: /usr/bin/install -c
configure:1604: checking whether build environment is sane
configure:1647: result: yes
configure:1712: checking for gawk
configure:1741: result: no
configure:1712: checking for mawk
configure:1741: result: no
configure:1712: checking for nawk
configure:1741: result: no
configure:1712: checking for awk
configure:1728: found /usr/bin/awk
configure:1738: result: awk
configure:1748: checking whether make sets $(MAKE)
configure:1768: result: yes
configure:2001: checking for gcc
configure:2017: found /usr/bin/gcc
configure:2027: result: gcc
configure:2271: checking for C compiler version
configure:2274: gcc --version </dev/null >&5
Configured with: --prefix=/Applications/Xcode.app/Contents/Developer/usr --with-gxx-include-dir=/usr/include/c++/4.2.1
Apple LLVM version 6.0 (clang-600.0.56) (based on LLVM 3.5svn)
Target: x86_64-apple-darwin14.1.0
Thread model: posix
configure:2277: $? = 0
configure:2279: gcc -v </dev/null >&5
Configured with: --prefix=/Applications/Xcode.app/Contents/Developer/usr --with-gxx-include-dir=/usr/include/c++/4.2.1
Apple LLVM version 6.0 (clang-600.0.56) (based on LLVM 3.5svn)
Target: x86_64-apple-darwin14.1.0
Thread model: posix
configure:2282: $? = 0
configure:2284: gcc -V </dev/null >&5
clang: error: argument to '-V' is missing (expected 1 value)
clang: error: no input files
configure:2287: $? = 1
configure:2310: checking for C compiler default output file name
configure:2313: gcc    conftest.c  >&5
configure:2316: $? = 0
configure:2362: result: a.out
configure:2367: checking whether the C compiler works
configure:2373: ./a.out
configure:2376: $? = 0
configure:2393: result: yes
configure:2400: checking whether we are cross compiling
configure:2402: result: no
configure:2405: checking for suffix of executables
configure:2407: gcc -o conftest    conftest.c  >&5
configure:2410: $? = 0
configure:2435: result: 
configure:2441: checking for suffix of object files
configure:2462: gcc -c   conftest.c >&5
configure:2465: $? = 0
configure:2487: result: o
configure:2491: checking whether we are using the GNU C compiler
configure:2515: gcc -c   conftest.c >&5
configure:2521: $? = 0
configure:2525: test -z 
			 || test ! -s conftest.err
configure:2528: $? = 0
configure:2531: test -s conftest.o
configure:2534: $? = 0
configure:2547: result: yes
configure:2553: checking whether gcc accepts -g
configure:2574: gcc -c -g  conftest.c >&5
configure:2580: $? = 0
configure:2584: test -z 
			 || test ! -s conftest.err
configure:2587: $? = 0
configure:2590: test -s conftest.o
configure:2593: $? = 0
configure:2604: result: yes
configure:2621: checking for gcc option to accept ANSI C
configure:2691: gcc  -c -g -O2  conftest.c >&5
configure:2697: $? = 0
configure:2701: test -z 
			 || test ! -s conftest.err
configure:2704: $? = 0
configure:2707: test -s conftest.o
configure:2710: $? = 0
configure:2728: result: none needed
configure:2746: gcc -c -g -O2  conftest.c >&5
conftest.c:2:3: error: unknown type name 'choke'
  choke me
  ^
conftest.c:2:11: error: expected ';' after top level declarator
  choke me
          ^
          ;
2 errors generated.
configure:2752: $? = 1
configure: failed program was:
| #ifndef __cplusplus
|   choke me
| #endif
configure:2896: checking for style of include used by make
configure:2924: result: GNU
configure:2952: checking dependency style of gcc
configure:3042: result: gcc3
configure:3111: checking for g++
configure:3127: found /usr/bin/g++
configure:3137: result: g++
configure:3153: checking for C++ compiler version
configure:3156: g++ --version </dev/null >&5
Configured with: --prefix=/Applications/Xcode.app/Contents/Developer/usr --with-gxx-include-dir=/usr/include/c++/4.2.1
Apple LLVM version 6.0 (clang-600.0.56) (based on LLVM 3.5svn)
Target: x86_64-apple-darwin14.1.0
Thread model: posix
configure:3159: $? = 0
configure:3161: g++ -v </dev/null >&5
Configured with: --prefix=/Applications/Xcode.app/Contents/Developer/usr --with-gxx-include-dir=/usr/include/c++/4.2.1
Apple LLVM version 6.0 (clang-600.0.56) (based on LLVM 3.5svn)
Target: x86_64-apple-darwin14.1.0
Thread model: posix
configure:3164: $? = 0
configure:3166: g++ -V </dev/null >&5
clang: error: argument to '-V' is missing (expected 1 value)
clang: error: no input files
configure:3169: $? = 1
configure:3172: checking whether we are using the GNU C++ compiler
configure:3196: g++ -c   conftest.cc >&5
configure:3202: $? = 0
configure:3206: test -z 
			 || test ! -s conftest.err
configure:3209: $? = 0
configure:3212: test -s conftest.o
configure:3215: $? = 0
configure:3228: result: yes
configure:3234: checking whether g++ accepts -g
configure:3255: g++ -c -g  conftest.cc >&5
configure:3261: $? = 0
configure:3265: test -z 
			 || test ! -s conftest.err
configure:3268: $? = 0
configure:3271: test -s conftest.o
configure:3274: $? = 0
configure:3285: result: yes
configure:3327: g++ -c -g -O2  conftest.cc >&5
configure:3333: $? = 0
configure:3337: test -z 
			 || test ! -s conftest.err
configure:3340: $? = 0
configure:3343: test -s conftest.o
configure:3346: $? = 0
configure:3372: g++ -c -g -O2  conftest.cc >&5
conftest.cc:16:1: error: use of undeclared identifier 'exit'
exit (42);
^
1 error generated.
configure:3378: $? = 1
configure: failed program was:
| /* confdefs.h.  */
| 
| #define PACKAGE_NAME ""
| #define PACKAGE_TARNAME ""
| #define PACKAGE_VERSION ""
| #define PACKAGE_STRING ""
| #define PACKAGE_BUGREPORT ""
| #define PACKAGE "yamcha"
| #define VERSION "0.33"
| #define MODEL_VERSION 0.4
| /* end confdefs.h.  */
| 
| int
| main ()
| {
| exit (42);
|   ;
|   return 0;
| }
configure:3327: g++ -c -g -O2  conftest.cc >&5
conftest.cc:12:17: error: use of undeclared identifier 'std'
extern "C" void std::exit (int) throw (); using std::exit;
                ^
conftest.cc:12:49: error: use of undeclared identifier 'std'
extern "C" void std::exit (int) throw (); using std::exit;
                                                ^
2 errors generated.
configure:3333: $? = 1
configure: failed program was:
| /* confdefs.h.  */
| 
| #define PACKAGE_NAME ""
| #define PACKAGE_TARNAME ""
| #define PACKAGE_VERSION ""
| #define PACKAGE_STRING ""
| #define PACKAGE_BUGREPORT ""
| #define PACKAGE "yamcha"
| #define VERSION "0.33"
| #define MODEL_VERSION 0.4
| /* end confdefs.h.  */
| extern "C" void std::exit (int) throw (); using std::exit;
| #include <stdlib.h>
| int
| main ()
| {
| exit (42);
|   ;
|   return 0;
| }
configure:3327: g++ -c -g -O2  conftest.cc >&5
conftest.cc:12:17: error: use of undeclared identifier 'std'
extern "C" void std::exit (int); using std::exit;
                ^
conftest.cc:12:40: error: use of undeclared identifier 'std'
extern "C" void std::exit (int); using std::exit;
                                       ^
2 errors generated.
configure:3333: $? = 1
configure: failed program was:
| /* confdefs.h.  */
| 
| #define PACKAGE_NAME ""
| #define PACKAGE_TARNAME ""
| #define PACKAGE_VERSION ""
| #define PACKAGE_STRING ""
| #define PACKAGE_BUGREPORT ""
| #define PACKAGE "yamcha"
| #define VERSION "0.33"
| #define MODEL_VERSION 0.4
| /* end confdefs.h.  */
| extern "C" void std::exit (int); using std::exit;
| #include <stdlib.h>
| int
| main ()
| {
| exit (42);
|   ;
|   return 0;
| }
configure:3327: g++ -c -g -O2  conftest.cc >&5
configure:3333: $? = 0
configure:3337: test -z 
			 || test ! -s conftest.err
configure:3340: $? = 0
configure:3343: test -s conftest.o
configure:3346: $? = 0
configure:3372: g++ -c -g -O2  conftest.cc >&5
configure:3378: $? = 0
configure:3382: test -z 
			 || test ! -s conftest.err
configure:3385: $? = 0
configure:3388: test -s conftest.o
configure:3391: $? = 0
configure:3416: checking dependency style of g++
configure:3506: result: gcc3
configure:3529: checking how to run the C preprocessor
configure:3564: gcc -E  conftest.c
configure:3570: $? = 0
configure:3602: gcc -E  conftest.c
conftest.c:15:10: fatal error: 'ac_nonexistent.h' file not found
#include <ac_nonexistent.h>
         ^
1 error generated.
configure:3608: $? = 1
configure: failed program was:
| /* confdefs.h.  */
| 
| #define PACKAGE_NAME ""
| #define PACKAGE_TARNAME ""
| #define PACKAGE_VERSION ""
| #define PACKAGE_STRING ""
| #define PACKAGE_BUGREPORT ""
| #define PACKAGE "yamcha"
| #define VERSION "0.33"
| #define MODEL_VERSION 0.4
| #ifdef __cplusplus
| extern "C" void exit (int) throw ();
| #endif
| /* end confdefs.h.  */
| #include <ac_nonexistent.h>
configure:3647: result: gcc -E
configure:3671: gcc -E  conftest.c
configure:3677: $? = 0
configure:3709: gcc -E  conftest.c
conftest.c:15:10: fatal error: 'ac_nonexistent.h' file not found
#include <ac_nonexistent.h>
         ^
1 error generated.
configure:3715: $? = 1
configure: failed program was:
| /* confdefs.h.  */
| 
| #define PACKAGE_NAME ""
| #define PACKAGE_TARNAME ""
| #define PACKAGE_VERSION ""
| #define PACKAGE_STRING ""
| #define PACKAGE_BUGREPORT ""
| #define PACKAGE "yamcha"
| #define VERSION "0.33"
| #define MODEL_VERSION 0.4
| #ifdef __cplusplus
| extern "C" void exit (int) throw ();
| #endif
| /* end confdefs.h.  */
| #include <ac_nonexistent.h>
configure:3759: checking for egrep
configure:3769: result: grep -E
configure:3775: checking whether gcc needs -traditional
conftest.c:15:10: fatal error: 'termio.h' file not found
#include <termio.h>
         ^
1 error generated.
configure:3817: result: no
configure:3824: checking whether make sets $(MAKE)
configure:3844: result: yes
configure:3933: checking build system type
configure:3951: result: i686-apple-darwin14.1.0
configure:3959: checking host system type
configure:3973: result: i686-apple-darwin14.1.0
configure:3981: checking for a sed that does not truncate output
configure:4035: result: /usr/bin/sed
configure:4049: checking for ld used by gcc
configure:4116: result: /Applications/Xcode.app/Contents/Developer/Toolchains/XcodeDefault.xctoolchain/usr/bin/ld
configure:4125: checking if the linker (/Applications/Xcode.app/Contents/Developer/Toolchains/XcodeDefault.xctoolchain/usr/bin/ld) is GNU ld
configure:4140: result: no
configure:4145: checking for /Applications/Xcode.app/Contents/Developer/Toolchains/XcodeDefault.xctoolchain/usr/bin/ld option to reload object files
configure:4152: result: -r
configure:4161: checking for BSD-compatible nm
configure:4203: result: /usr/bin/nm
configure:4207: checking whether ln -s works
configure:4211: result: yes
configure:4218: checking how to recognise dependent libraries
configure:4401: result: pass_all
configure:4851: checking for ANSI C header files
configure:4876: gcc -c -g -O2  conftest.c >&5
configure:4882: $? = 0
configure:4886: test -z 
			 || test ! -s conftest.err
configure:4889: $? = 0
configure:4892: test -s conftest.o
configure:4895: $? = 0
configure:4984: gcc -o conftest -g -O2   conftest.c  >&5
conftest.c:32:7: warning: implicitly declaring library function 'exit' with type 'void (int) __attribute__((noreturn))'
      exit(2);
      ^
conftest.c:32:7: note: please include the header <stdlib.h> or explicitly provide a declaration for 'exit'
1 warning generated.
configure:4987: $? = 0
configure:4989: ./conftest
configure:4992: $? = 0
configure:5007: result: yes
configure:5031: checking for sys/types.h
configure:5047: gcc -c -g -O2  conftest.c >&5
configure:5053: $? = 0
configure:5057: test -z 
			 || test ! -s conftest.err
configure:5060: $? = 0
configure:5063: test -s conftest.o
configure:5066: $? = 0
configure:5077: result: yes
configure:5031: checking for sys/stat.h
configure:5047: gcc -c -g -O2  conftest.c >&5
configure:5053: $? = 0
configure:5057: test -z 
			 || test ! -s conftest.err
configure:5060: $? = 0
configure:5063: test -s conftest.o
configure:5066: $? = 0
configure:5077: result: yes
configure:5031: checking for stdlib.h
configure:5047: gcc -c -g -O2  conftest.c >&5
configure:5053: $? = 0
configure:5057: test -z 
			 || test ! -s conftest.err
configure:5060: $? = 0
configure:5063: test -s conftest.o
configure:5066: $? = 0
configure:5077: result: yes
configure:5031: checking for string.h
configure:5047: gcc -c -g -O2  conftest.c >&5
configure:5053: $? = 0
configure:5057: test -z 
			 || test ! -s conftest.err
configure:5060: $? = 0
configure:5063: test -s conftest.o
configure:5066: $? = 0
configure:5077: result: yes
configure:5031: checking for memory.h
configure:5047: gcc -c -g -O2  conftest.c >&5
configure:5053: $? = 0
configure:5057: test -z 
			 || test ! -s conftest.err
configure:5060: $? = 0
configure:5063: test -s conftest.o
configure:5066: $? = 0
configure:5077: result: yes
configure:5031: checking for strings.h
configure:5047: gcc -c -g -O2  conftest.c >&5
configure:5053: $? = 0
configure:5057: test -z 
			 || test ! -s conftest.err
configure:5060: $? = 0
configure:5063: test -s conftest.o
configure:5066: $? = 0
configure:5077: result: yes
configure:5031: checking for inttypes.h
configure:5047: gcc -c -g -O2  conftest.c >&5
configure:5053: $? = 0
configure:5057: test -z 
			 || test ! -s conftest.err
configure:5060: $? = 0
configure:5063: test -s conftest.o
configure:5066: $? = 0
configure:5077: result: yes
configure:5031: checking for stdint.h
configure:5047: gcc -c -g -O2  conftest.c >&5
configure:5053: $? = 0
configure:5057: test -z 
			 || test ! -s conftest.err
configure:5060: $? = 0
configure:5063: test -s conftest.o
configure:5066: $? = 0
configure:5077: result: yes
configure:5031: checking for unistd.h
configure:5047: gcc -c -g -O2  conftest.c >&5
configure:5053: $? = 0
configure:5057: test -z 
			 || test ! -s conftest.err
configure:5060: $? = 0
configure:5063: test -s conftest.o
configure:5066: $? = 0
configure:5077: result: yes
configure:5103: checking dlfcn.h usability
configure:5115: gcc -c -g -O2  conftest.c >&5
configure:5121: $? = 0
configure:5125: test -z 
			 || test ! -s conftest.err
configure:5128: $? = 0
configure:5131: test -s conftest.o
configure:5134: $? = 0
configure:5144: result: yes
configure:5148: checking dlfcn.h presence
configure:5158: gcc -E  conftest.c
configure:5164: $? = 0
configure:5184: result: yes
configure:5219: checking for dlfcn.h
configure:5226: result: yes
configure:5244: checking how to run the C++ preprocessor
configure:5275: g++ -E  conftest.cc
configure:5281: $? = 0
configure:5313: g++ -E  conftest.cc
conftest.cc:26:10: fatal error: 'ac_nonexistent.h' file not found
#include <ac_nonexistent.h>
         ^
1 error generated.
configure:5319: $? = 1
configure: failed program was:
| /* confdefs.h.  */
| 
| #define PACKAGE_NAME ""
| #define PACKAGE_TARNAME ""
| #define PACKAGE_VERSION ""
| #define PACKAGE_STRING ""
| #define PACKAGE_BUGREPORT ""
| #define PACKAGE "yamcha"
| #define VERSION "0.33"
| #define MODEL_VERSION 0.4
| #ifdef __cplusplus
| extern "C" void exit (int) throw ();
| #endif
| #define STDC_HEADERS 1
| #define HAVE_SYS_TYPES_H 1
| #define HAVE_SYS_STAT_H 1
| #define HAVE_STDLIB_H 1
| #define HAVE_STRING_H 1
| #define HAVE_MEMORY_H 1
| #define HAVE_STRINGS_H 1
| #define HAVE_INTTYPES_H 1
| #define HAVE_STDINT_H 1
| #define HAVE_UNISTD_H 1
| #define HAVE_DLFCN_H 1
| /* end confdefs.h.  */
| #include <ac_nonexistent.h>
configure:5358: result: g++ -E
configure:5382: g++ -E  conftest.cc
configure:5388: $? = 0
configure:5420: g++ -E  conftest.cc
conftest.cc:26:10: fatal error: 'ac_nonexistent.h' file not found
#include <ac_nonexistent.h>
         ^
1 error generated.
configure:5426: $? = 1
configure: failed program was:
| /* confdefs.h.  */
| 
| #define PACKAGE_NAME ""
| #define PACKAGE_TARNAME ""
| #define PACKAGE_VERSION ""
| #define PACKAGE_STRING ""
| #define PACKAGE_BUGREPORT ""
| #define PACKAGE "yamcha"
| #define VERSION "0.33"
| #define MODEL_VERSION 0.4
| #ifdef __cplusplus
| extern "C" void exit (int) throw ();
| #endif
| #define STDC_HEADERS 1
| #define HAVE_SYS_TYPES_H 1
| #define HAVE_SYS_STAT_H 1
| #define HAVE_STDLIB_H 1
| #define HAVE_STRING_H 1
| #define HAVE_MEMORY_H 1
| #define HAVE_STRINGS_H 1
| #define HAVE_INTTYPES_H 1
| #define HAVE_STDINT_H 1
| #define HAVE_UNISTD_H 1
| #define HAVE_DLFCN_H 1
| /* end confdefs.h.  */
| #include <ac_nonexistent.h>
configure:5521: checking for g77
configure:5550: result: no
configure:5521: checking for f77
configure:5550: result: no
configure:5521: checking for xlf
configure:5550: result: no
configure:5521: checking for frt
configure:5550: result: no
configure:5521: checking for pgf77
configure:5550: result: no
configure:5521: checking for fort77
configure:5550: result: no
configure:5521: checking for fl32
configure:5550: result: no
configure:5521: checking for af77
configure:5550: result: no
configure:5521: checking for f90
configure:5550: result: no
configure:5521: checking for xlf90
configure:5550: result: no
configure:5521: checking for pgf90
configure:5550: result: no
configure:5521: checking for epcf90
configure:5550: result: no
configure:5521: checking for f95
configure:5550: result: no
configure:5521: checking for fort
configure:5550: result: no
configure:5521: checking for xlf95
configure:5550: result: no
configure:5521: checking for ifc
configure:5550: result: no
configure:5521: checking for efc
configure:5550: result: no
configure:5521: checking for pgf95
configure:5550: result: no
configure:5521: checking for lf95
configure:5550: result: no
configure:5521: checking for gfortran
configure:5550: result: no
configure:5562: checking for Fortran 77 compiler version
configure:5565:  --version </dev/null >&5
./configure: line 5566: --version: command not found
configure:5568: $? = 127
configure:5570:  -v </dev/null >&5
./configure: line 5571: -v: command not found
configure:5573: $? = 127
configure:5575:  -V </dev/null >&5
./configure: line 5576: -V: command not found
configure:5578: $? = 127
configure:5586: checking whether we are using the GNU Fortran 77 compiler
configure:5600:  -c  conftest.F >&5
./configure: line 5601: -c: command not found
configure:5606: $? = 127
configure: failed program was:
|       program main
| #ifndef __GNUC__
|        choke me
| #endif
| 
|       end
configure:5632: result: no
configure:5638: checking whether  accepts -g
configure:5650:  -c -g conftest.f >&5
./configure: line 5651: -c: command not found
configure:5656: $? = 127
configure: failed program was:
|       program main
| 
|       end
configure:5681: result: no
configure:5711: checking the maximum length of command line arguments
configure:5776: result: 65536
configure:5787: checking command to parse /usr/bin/nm output from gcc object
configure:5876: gcc -c -g -O2  conftest.c >&5
configure:5879: $? = 0
configure:5883: /usr/bin/nm conftest.o \| sed -n -e 's/^.*[ 	]\([BCDEGRST][BCDEGRST]*\)[ 	][ 	]*\(\)\([_A-Za-z][_A-Za-z0-9]*\)$/\1 \2\3 \3/p' \> conftest.nm
configure:5886: $? = 0
cannot find nm_test_var in conftest.nm
configure:5876: gcc -c -g -O2  conftest.c >&5
configure:5879: $? = 0
configure:5883: /usr/bin/nm conftest.o \| sed -n -e 's/^.*[ 	]\([BCDEGRST][BCDEGRST]*\)[ 	][ 	]*\(_\)\([_A-Za-z][_A-Za-z0-9]*\)$/\1 \2\3 \3/p' \> conftest.nm
configure:5886: $? = 0
configure:5938: gcc -o conftest -g -O2   conftest.c conftstm.o >&5
configure:5941: $? = 0
configure:5979: result: ok
configure:5983: checking for objdir
configure:5998: result: .libs
configure:6088: checking for ar
configure:6104: found /usr/bin/ar
configure:6115: result: ar
configure:6168: checking for ranlib
configure:6184: found /usr/bin/ranlib
configure:6195: result: ranlib
configure:6248: checking for strip
configure:6264: found /usr/bin/strip
configure:6275: result: strip
configure:6537: checking if gcc static flag  works
configure:6560: result: yes
configure:6578: checking if gcc supports -fno-rtti -fno-exceptions
configure:6596: gcc -c -g -O2  -fno-rtti -fno-exceptions conftest.c >&5
configure:6600: $? = 0
configure:6611: result: yes
configure:6626: checking for gcc option to produce PIC
configure:6803: result: -fno-common
configure:6811: checking if gcc PIC flag -fno-common works
configure:6829: gcc -c -g -O2  -fno-common -DPIC conftest.c >&5
configure:6833: $? = 0
configure:6844: result: yes
configure:6868: checking if gcc supports -c -o file.o
configure:6889: gcc -c -g -O2  -o out/conftest2.o conftest.c >&5
configure:6893: $? = 0
configure:6913: result: yes
configure:6939: checking whether the gcc linker (/Applications/Xcode.app/Contents/Developer/Toolchains/XcodeDefault.xctoolchain/usr/bin/ld) supports shared libraries
configure:7787: result: yes
configure:7858: checking dynamic linker characteristics
configure:8419: result: darwin14.1.0 dyld
configure:8423: checking how to hardcode library paths into programs
configure:8448: result: immediate
configure:8462: checking whether stripping libraries is possible
configure:8475: result: yes
configure:9297: checking if libtool supports shared libraries
configure:9299: result: yes
configure:9302: checking whether to build shared libraries
configure:9360: result: yes
configure:9363: checking whether to build static libraries
configure:9367: result: yes
configure:9459: creating libtool
configure:10006: checking for ld used by g++
configure:10073: result: /Applications/Xcode.app/Contents/Developer/Toolchains/XcodeDefault.xctoolchain/usr/bin/ld
configure:10082: checking if the linker (/Applications/Xcode.app/Contents/Developer/Toolchains/XcodeDefault.xctoolchain/usr/bin/ld) is GNU ld
configure:10097: result: no
configure:10148: checking whether the g++ linker (/Applications/Xcode.app/Contents/Developer/Toolchains/XcodeDefault.xctoolchain/usr/bin/ld) supports shared libraries
configure:10976: result: yes
configure:10994: g++ -c -g -O2  conftest.cc >&5
configure:10997: $? = 0
configure:11093: checking for g++ option to produce PIC
configure:11345: result: -fno-common
configure:11353: checking if g++ PIC flag -fno-common works
configure:11371: g++ -c -g -O2  -fno-common -DPIC conftest.cc >&5
configure:11375: $? = 0
configure:11386: result: yes
configure:11410: checking if g++ supports -c -o file.o
configure:11431: g++ -c -g -O2  -o out/conftest2.o conftest.cc >&5
configure:11435: $? = 0
configure:11455: result: yes
configure:11481: checking whether the g++ linker (/Applications/Xcode.app/Contents/Developer/Toolchains/XcodeDefault.xctoolchain/usr/bin/ld) supports shared libraries
configure:11506: result: yes
configure:11577: checking dynamic linker characteristics
configure:12138: result: darwin14.1.0 dyld
configure:12142: checking how to hardcode library paths into programs
configure:12167: result: immediate
configure:12181: checking whether stripping libraries is possible
configure:12194: result: yes
configure:19463: checking for library containing strerror
configure:19493: gcc -o conftest -g -O2   conftest.c  >&5
conftest.c:33:6: warning: incompatible redeclaration of library function 'strerror' [-Wincompatible-library-redeclaration]
char strerror ();
     ^
conftest.c:33:6: note: 'strerror' is a builtin with type 'char *(int)'
1 warning generated.
configure:19499: $? = 0
configure:19503: test -z 
			 || test ! -s conftest.err
configure:19506: $? = 0
configure:19509: test -s conftest
configure:19512: $? = 0
configure:19582: result: none required
configure:19608: checking for ANSI C header files
configure:19764: result: yes
configure:19774: checking for size_t
configure:19798: gcc -c -g -O2  conftest.c >&5
configure:19804: $? = 0
configure:19808: test -z 
			 || test ! -s conftest.err
configure:19811: $? = 0
configure:19814: test -s conftest.o
configure:19817: $? = 0
configure:19828: result: yes
configure:19857: checking for string.h
configure:19862: result: yes
configure:19857: checking for stdlib.h
configure:19862: result: yes
configure:19857: checking for unistd.h
configure:19862: result: yes
configure:19866: checking fcntl.h usability
configure:19878: gcc -c -g -O2  conftest.c >&5
configure:19884: $? = 0
configure:19888: test -z 
			 || test ! -s conftest.err
configure:19891: $? = 0
configure:19894: test -s conftest.o
configure:19897: $? = 0
configure:19907: result: yes
configure:19911: checking fcntl.h presence
configure:19921: gcc -E  conftest.c
configure:19927: $? = 0
configure:19947: result: yes
configure:19982: checking for fcntl.h
configure:19989: result: yes
configure:19866: checking math.h usability
configure:19878: gcc -c -g -O2  conftest.c >&5
configure:19884: $? = 0
configure:19888: test -z 
			 || test ! -s conftest.err
configure:19891: $? = 0
configure:19894: test -s conftest.o
configure:19897: $? = 0
configure:19907: result: yes
configure:19911: checking math.h presence
configure:19921: gcc -E  conftest.c
configure:19927: $? = 0
configure:19947: result: yes
configure:19982: checking for math.h
configure:19989: result: yes
configure:19866: checking ctype.h usability
configure:19878: gcc -c -g -O2  conftest.c >&5
configure:19884: $? = 0
configure:19888: test -z 
			 || test ! -s conftest.err
configure:19891: $? = 0
configure:19894: test -s conftest.o
configure:19897: $? = 0
configure:19907: result: yes
configure:19911: checking ctype.h presence
configure:19921: gcc -E  conftest.c
configure:19927: $? = 0
configure:19947: result: yes
configure:19982: checking for ctype.h
configure:19989: result: yes
configure:19857: checking for sys/types.h
configure:19862: result: yes
configure:19857: checking for sys/stat.h
configure:19862: result: yes
configure:19866: checking sys/mman.h usability
configure:19878: gcc -c -g -O2  conftest.c >&5
configure:19884: $? = 0
configure:19888: test -z 
			 || test ! -s conftest.err
configure:19891: $? = 0
configure:19894: test -s conftest.o
configure:19897: $? = 0
configure:19907: result: yes
configure:19911: checking sys/mman.h presence
configure:19921: gcc -E  conftest.c
configure:19927: $? = 0
configure:19947: result: yes
configure:19982: checking for sys/mman.h
configure:19989: result: yes
configure:19866: checking sys/times.h usability
configure:19878: gcc -c -g -O2  conftest.c >&5
configure:19884: $? = 0
configure:19888: test -z 
			 || test ! -s conftest.err
configure:19891: $? = 0
configure:19894: test -s conftest.o
configure:19897: $? = 0
configure:19907: result: yes
configure:19911: checking sys/times.h presence
configure:19921: gcc -E  conftest.c
configure:19927: $? = 0
configure:19947: result: yes
configure:19982: checking for sys/times.h
configure:19989: result: yes
configure:19866: checking windows.h usability
configure:19878: gcc -c -g -O2  conftest.c >&5
conftest.c:71:10: fatal error: 'windows.h' file not found
#include <windows.h>
         ^
1 error generated.
configure:19884: $? = 1
configure: failed program was:
| /* confdefs.h.  */
| 
| #define PACKAGE_NAME ""
| #define PACKAGE_TARNAME ""
| #define PACKAGE_VERSION ""
| #define PACKAGE_STRING ""
| #define PACKAGE_BUGREPORT ""
| #define PACKAGE "yamcha"
| #define VERSION "0.33"
| #define MODEL_VERSION 0.4
| #ifdef __cplusplus
| extern "C" void exit (int) throw ();
| #endif
| #define STDC_HEADERS 1
| #define HAVE_SYS_TYPES_H 1
| #define HAVE_SYS_STAT_H 1
| #define HAVE_STDLIB_H 1
| #define HAVE_STRING_H 1
| #define HAVE_MEMORY_H 1
| #define HAVE_STRINGS_H 1
| #define HAVE_INTTYPES_H 1
| #define HAVE_STDINT_H 1
| #define HAVE_UNISTD_H 1
| #define HAVE_DLFCN_H 1
| #define STDC_HEADERS 1
| #define HAVE_STRING_H 1
| #define HAVE_STDLIB_H 1
| #define HAVE_UNISTD_H 1
| #define HAVE_FCNTL_H 1
| #define HAVE_MATH_H 1
| #define HAVE_CTYPE_H 1
| #define HAVE_SYS_TYPES_H 1
| #define HAVE_SYS_STAT_H 1
| #define HAVE_SYS_MMAN_H 1
| #define HAVE_SYS_TIMES_H 1
| /* end confdefs.h.  */
| #include <stdio.h>
| #if HAVE_SYS_TYPES_H
| # include <sys/types.h>
| #endif
| #if HAVE_SYS_STAT_H
| # include <sys/stat.h>
| #endif
| #if STDC_HEADERS
| # include <stdlib.h>
| # include <stddef.h>
| #else
| # if HAVE_STDLIB_H
| #  include <stdlib.h>
| # endif
| #endif
| #if HAVE_STRING_H
| # if !STDC_HEADERS && HAVE_MEMORY_H
| #  include <memory.h>
| # endif
| # include <string.h>
| #endif
| #if HAVE_STRINGS_H
| # include <strings.h>
| #endif
| #if HAVE_INTTYPES_H
| # include <inttypes.h>
| #else
| # if HAVE_STDINT_H
| #  include <stdint.h>
| # endif
| #endif
| #if HAVE_UNISTD_H
| # include <unistd.h>
| #endif
| #include <windows.h>
configure:19907: result: no
configure:19911: checking windows.h presence
configure:19921: gcc -E  conftest.c
conftest.c:37:10: fatal error: 'windows.h' file not found
#include <windows.h>
         ^
1 error generated.
configure:19927: $? = 1
configure: failed program was:
| /* confdefs.h.  */
| 
| #define PACKAGE_NAME ""
| #define PACKAGE_TARNAME ""
| #define PACKAGE_VERSION ""
| #define PACKAGE_STRING ""
| #define PACKAGE_BUGREPORT ""
| #define PACKAGE "yamcha"
| #define VERSION "0.33"
| #define MODEL_VERSION 0.4
| #ifdef __cplusplus
| extern "C" void exit (int) throw ();
| #endif
| #define STDC_HEADERS 1
| #define HAVE_SYS_TYPES_H 1
| #define HAVE_SYS_STAT_H 1
| #define HAVE_STDLIB_H 1
| #define HAVE_STRING_H 1
| #define HAVE_MEMORY_H 1
| #define HAVE_STRINGS_H 1
| #define HAVE_INTTYPES_H 1
| #define HAVE_STDINT_H 1
| #define HAVE_UNISTD_H 1
| #define HAVE_DLFCN_H 1
| #define STDC_HEADERS 1
| #define HAVE_STRING_H 1
| #define HAVE_STDLIB_H 1
| #define HAVE_UNISTD_H 1
| #define HAVE_FCNTL_H 1
| #define HAVE_MATH_H 1
| #define HAVE_CTYPE_H 1
| #define HAVE_SYS_TYPES_H 1
| #define HAVE_SYS_STAT_H 1
| #define HAVE_SYS_MMAN_H 1
| #define HAVE_SYS_TIMES_H 1
| /* end confdefs.h.  */
| #include <windows.h>
configure:19947: result: no
configure:19982: checking for windows.h
configure:19989: result: no
configure:20006: checking for mmap
configure:20063: gcc -o conftest -g -O2   conftest.c  >&5
configure:20069: $? = 0
configure:20073: test -z 
			 || test ! -s conftest.err
configure:20076: $? = 0
configure:20079: test -s conftest
configure:20082: $? = 0
configure:20094: result: yes
configure:20104: checking for pow in -lm
configure:20134: gcc -o conftest -g -O2   conftest.c -lm   >&5
conftest.c:45:6: warning: incompatible redeclaration of library function 'pow' [-Wincompatible-library-redeclaration]
char pow ();
     ^
conftest.c:45:6: note: 'pow' is a builtin with type 'double (double, double)'
1 warning generated.
configure:20140: $? = 0
configure:20144: test -z 
			 || test ! -s conftest.err
configure:20147: $? = 0
configure:20150: test -s conftest
configure:20153: $? = 0
configure:20166: result: yes
configure:20172: checking for main in -lstdc++
configure:20196: gcc -o conftest -g -O2   conftest.c -lstdc++   >&5
configure:20202: $? = 0
configure:20206: test -z 
			 || test ! -s conftest.err
configure:20209: $? = 0
configure:20212: test -s conftest
configure:20215: $? = 0
configure:20228: result: yes
configure:20245: checking whether make is GNU Make
configure:20248: result: yes
configure:20279: checking for perl5
configure:20312: result: no
configure:20279: checking for perl
configure:20297: found /usr/bin/perl
configure:20309: result: /usr/bin/perl
configure:20342: checking for svm_learn
configure:20375: result: no
configure:20388: error: svm_learn (TinySVM or SVM^light) required for training

## ---------------- ##
## Cache variables. ##
## ---------------- ##

ac_cv_build=i686-apple-darwin14.1.0
ac_cv_build_alias=i686-apple-darwin14.1.0
ac_cv_c_compiler_gnu=yes
ac_cv_cxx_compiler_gnu=yes
ac_cv_env_CC_set=
ac_cv_env_CC_value=
ac_cv_env_CFLAGS_set=
ac_cv_env_CFLAGS_value=
ac_cv_env_CPPFLAGS_set=
ac_cv_env_CPPFLAGS_value=
ac_cv_env_CPP_set=
ac_cv_env_CPP_value=
ac_cv_env_CXXCPP_set=
ac_cv_env_CXXCPP_value=
ac_cv_env_CXXFLAGS_set=
ac_cv_env_CXXFLAGS_value=
ac_cv_env_CXX_set=
ac_cv_env_CXX_value=
ac_cv_env_F77_set=
ac_cv_env_F77_value=
ac_cv_env_FFLAGS_set=
ac_cv_env_FFLAGS_value=
ac_cv_env_LDFLAGS_set=
ac_cv_env_LDFLAGS_value=
ac_cv_env_build_alias_set=
ac_cv_env_build_alias_value=
ac_cv_env_host_alias_set=
ac_cv_env_host_alias_value=
ac_cv_env_target_alias_set=
ac_cv_env_target_alias_value=
ac_cv_exeext=
ac_cv_f77_compiler_gnu=no
ac_cv_func_mmap=yes
ac_cv_header_ctype_h=yes
ac_cv_header_dlfcn_h=yes
ac_cv_header_fcntl_h=yes
ac_cv_header_inttypes_h=yes
ac_cv_header_math_h=yes
ac_cv_header_memory_h=yes
ac_cv_header_stdc=yes
ac_cv_header_stdint_h=yes
ac_cv_header_stdlib_h=yes
ac_cv_header_string_h=yes
ac_cv_header_strings_h=yes
ac_cv_header_sys_mman_h=yes
ac_cv_header_sys_stat_h=yes
ac_cv_header_sys_times_h=yes
ac_cv_header_sys_types_h=yes
ac_cv_header_unistd_h=yes
ac_cv_header_windows_h=no
ac_cv_host=i686-apple-darwin14.1.0
ac_cv_host_alias=i686-apple-darwin14.1.0
ac_cv_lib_m_pow=yes
ac_cv_lib_stdcpp_main=yes
ac_cv_objext=o
ac_cv_path_PERL=/usr/bin/perl
ac_cv_path_install='/usr/bin/install -c'
ac_cv_prog_AWK=awk
ac_cv_prog_CPP='gcc -E'
ac_cv_prog_CXXCPP='g++ -E'
ac_cv_prog_ac_ct_AR=ar
ac_cv_prog_ac_ct_CC=gcc
ac_cv_prog_ac_ct_CXX=g++
ac_cv_prog_ac_ct_RANLIB=ranlib
ac_cv_prog_ac_ct_STRIP=strip
ac_cv_prog_cc_g=yes
ac_cv_prog_cc_stdc=
ac_cv_prog_cxx_g=yes
ac_cv_prog_egrep='grep -E'
ac_cv_prog_f77_g=no
ac_cv_prog_gcc_traditional=no
ac_cv_prog_make_make_set=yes
ac_cv_search_strerror='none required'
ac_cv_type_size_t=yes
am_cv_CC_dependencies_compiler_type=gcc3
am_cv_CXX_dependencies_compiler_type=gcc3
lt_cv_deplibs_check_method=pass_all
lt_cv_file_magic_cmd='$MAGIC_CMD'
lt_cv_file_magic_test_file=
lt_cv_ld_reload_flag=-r
lt_cv_objdir=.libs
lt_cv_path_LD=/Applications/Xcode.app/Contents/Developer/Toolchains/XcodeDefault.xctoolchain/usr/bin/ld
lt_cv_path_LDCXX=/Applications/Xcode.app/Contents/Developer/Toolchains/XcodeDefault.xctoolchain/usr/bin/ld
lt_cv_path_NM=/usr/bin/nm
lt_cv_path_SED=/usr/bin/sed
lt_cv_prog_compiler_c_o=yes
lt_cv_prog_compiler_c_o_CXX=yes
lt_cv_prog_compiler_rtti_exceptions=yes
lt_cv_prog_gnu_ld=no
lt_cv_prog_gnu_ldcxx=no
lt_cv_sys_global_symbol_pipe='sed -n -e '\''s/^.*[ 	]\([BCDEGRST][BCDEGRST]*\)[ 	][ 	]*\(_\)\([_A-Za-z][_A-Za-z0-9]*\)$/\1 \2\3 \3/p'\'''
lt_cv_sys_global_symbol_to_c_name_address='sed -n -e '\''s/^: \([^ ]*\) $/  {\"\1\", (lt_ptr) 0},/p'\'' -e '\''s/^[BCDEGRST] \([^ ]*\) \([^ ]*\)$/  {"\2", (lt_ptr) \&\2},/p'\'''
lt_cv_sys_global_symbol_to_cdecl='sed -n -e '\''s/^. .* \(.*\)$/extern int \1;/p'\'''
lt_cv_sys_max_cmd_len=65536
lt_lt_cv_prog_compiler_c_o='"yes"'
lt_lt_cv_prog_compiler_c_o_CXX='"yes"'
lt_lt_cv_sys_global_symbol_pipe='"sed -n -e '\''s/^.*[ 	]\\([BCDEGRST][BCDEGRST]*\\)[ 	][ 	]*\\(_\\)\\([_A-Za-z][_A-Za-z0-9]*\\)\$/\\1 \\2\\3 \\3/p'\''"'
lt_lt_cv_sys_global_symbol_to_c_name_address='"sed -n -e '\''s/^: \\([^ ]*\\) \$/  {\\\"\\1\\\", (lt_ptr) 0},/p'\'' -e '\''s/^[BCDEGRST] \\([^ ]*\\) \\([^ ]*\\)\$/  {\"\\2\", (lt_ptr) \\&\\2},/p'\''"'
lt_lt_cv_sys_global_symbol_to_cdecl='"sed -n -e '\''s/^. .* \\(.*\\)\$/extern int \\1;/p'\''"'

## ----------------- ##
## Output variables. ##
## ----------------- ##

ACLOCAL='${SHELL} /Users/zheng/documents/proj_1/yamcha-0.33/missing --run aclocal-1.9'
AMDEPBACKSLASH='\'
AMDEP_FALSE='#'
AMDEP_TRUE=''
AMTAR='${SHELL} /Users/zheng/documents/proj_1/yamcha-0.33/missing --run tar'
AR='ar'
AS='as'
AUTOCONF='${SHELL} /Users/zheng/documents/proj_1/yamcha-0.33/missing --run autoconf'
AUTOHEADER='${SHELL} /Users/zheng/documents/proj_1/yamcha-0.33/missing --run autoheader'
AUTOMAKE='${SHELL} /Users/zheng/documents/proj_1/yamcha-0.33/missing --run automake-1.9'
AWK='awk'
CC='gcc'
CCDEPMODE='depmode=gcc3'
CFLAGS='-O3  -Wno-deprecated -Wall'
CPP='gcc -E'
CPPFLAGS=''
CXX='g++'
CXXCPP='g++ -E'
CXXDEPMODE='depmode=gcc3'
CXXFLAGS='-O3 -Wno-deprecated -Wall'
CYGPATH_W='echo'
DEFS=''
DEPDIR='.deps'
DLLTOOL='dlltool'
ECHO='/bin/echo'
ECHO_C='ECHO_N=''
ECHO_T=''
EGREP='grep -E'
EXEEXT=''
F77=''
FFLAGS=''
GZIP=''
INSTALL_DATA='${INSTALL} -m 644'
INSTALL_PROGRAM='${INSTALL}'
INSTALL_SCRIPT='${INSTALL}'
INSTALL_STRIP_PROGRAM='${SHELL} $(install_sh) -c -s'
LDFLAGS=''
LIBOBJS=''
LIBS=' -lm -lstdc++'
LIBTOOL='$(SHELL) $(top_builddir)/libtool'
LN_S='ln -s'
LTLIBOBJS=''
LTVERSION='3:0:2'
MAKEINFO='${SHELL} /Users/zheng/documents/proj_1/yamcha-0.33/missing --run makeinfo'
MODEL_VERSION='0.4'
OBJDUMP='objdump'
OBJEXT='o'
PACKAGE='yamcha'
PACKAGE_BUGREPORT=''
PACKAGE_NAME=''
PACKAGE_STRING=''
PACKAGE_TARNAME=''
PACKAGE_VERSION=''
PATH_SEPARATOR=':'
PERL='/usr/bin/perl'
RANLIB='ranlib'
SET_MAKE=''
SHELL='/bin/sh'
STRIP='strip'
SVM_LEARN='no'
VERSION='0.33'
YAMCHA_LIBS=' -lm -lstdc++'
ac_ct_AR='ar'
ac_ct_AS=''
ac_ct_CC='gcc'
ac_ct_CXX='g++'
ac_ct_DLLTOOL=''
ac_ct_F77=''
ac_ct_OBJDUMP=''
ac_ct_RANLIB='ranlib'
ac_ct_STRIP='strip'
am__fastdepCC_FALSE='#'
am__fastdepCC_TRUE=''
am__fastdepCXX_FALSE='#'
am__fastdepCXX_TRUE=''
am__include='include'
am__leading_dot='.'
am__quote=''
am__tar='${AMTAR} chof - "$$tardir"'
am__untar='${AMTAR} xf -'
bindir='${exec_prefix}/bin'
build='i686-apple-darwin14.1.0'
build_alias=''
build_cpu='i686'
build_os='darwin14.1.0'
build_vendor='apple'
datadir='${prefix}/share'
exec_prefix='NONE'
host='i686-apple-darwin14.1.0'
host_alias=''
host_cpu='i686'
host_os='darwin14.1.0'
host_vendor='apple'
includedir='${prefix}/include'
infodir='${prefix}/info'
install_sh='/Users/zheng/documents/proj_1/yamcha-0.33/install-sh'
libdir='${exec_prefix}/lib'
libexecdir='${exec_prefix}/libexec'
localstatedir='${prefix}/var'
mandir='${prefix}/man'
mkdir_p='$(mkinstalldirs)'
oldincludedir='/usr/include'
prefix='NONE'
program_transform_name='s,x,x,'
sbindir='${exec_prefix}/sbin'
sharedstatedir='${prefix}/com'
sysconfdir='${prefix}/etc'
target_alias=''

## ----------- ##
## confdefs.h. ##
## ----------- ##

#define HAVE_CTYPE_H 1
#define HAVE_DLFCN_H 1
#define HAVE_FCNTL_H 1
#define HAVE_INTTYPES_H 1
#define HAVE_MATH_H 1
#define HAVE_MEMORY_H 1
#define HAVE_MMAP 1
#define HAVE_STDINT_H 1
#define HAVE_STDLIB_H 1
#define HAVE_STDLIB_H 1
#define HAVE_STRINGS_H 1
#define HAVE_STRING_H 1
#define HAVE_STRING_H 1
#define HAVE_SYS_MMAN_H 1
#define HAVE_SYS_STAT_H 1
#define HAVE_SYS_STAT_H 1
#define HAVE_SYS_TIMES_H 1
#define HAVE_SYS_TYPES_H 1
#define HAVE_SYS_TYPES_H 1
#define HAVE_UNISTD_H 1
#define HAVE_UNISTD_H 1
#define MODEL_VERSION 0.4
#define PACKAGE "yamcha"
#define PACKAGE_BUGREPORT ""
#define PACKAGE_NAME ""
#define PACKAGE_STRING ""
#define PACKAGE_TARNAME ""
#define PACKAGE_VERSION ""
#define STDC_HEADERS 1
#define STDC_HEADERS 1
#define VERSION "0.33"
#endif
#ifdef __cplusplus
extern "C" void exit (int) throw ();

configure: exit 1
