This file contains any messages produced by compilers while
running configure, to aid debugging if configure makes a mistake.

configure:734: checking for a BSD compatible install
configure:787: checking whether build environment is sane
configure:844: checking whether make sets ${MAKE}
configure:890: checking for working aclocal
configure:903: checking for working autoconf
configure:916: checking for working automake
configure:929: checking for working autoheader
configure:942: checking for working makeinfo
configure:970: checking for gcc
configure:1083: checking whether the C compiler (gcc  ) works
configure:1099: gcc -o conftest    conftest.c  1>&5
configure:1096:1: warning: type specifier missing, defaults to 'int' [-Wimplicit-int]
main(){return(0);}
^~~~
1 warning generated.
configure:1125: checking whether the C compiler (gcc  ) is a cross-compiler
configure:1130: checking whether we are using GNU C
configure:1139: gcc -E conftest.c
configure:1158: checking whether gcc accepts -g
configure:1194: checking for c++
configure:1226: checking whether the C++ compiler (c++  ) works
configure:1242: c++ -o conftest    conftest.C  1>&5
configure:1268: checking whether the C++ compiler (c++  ) is a cross-compiler
configure:1273: checking whether we are using GNU C++
configure:1282: c++ -E conftest.C
configure:1301: checking whether c++ accepts -g
configure:1350: gcc -c -g -O2  conftest.c 1>&5
configure:1367: gcc -c -g -O2  conftest.c 1>&5
configure:1363:1: warning: implicitly declaring library function 'exit' with type 'void (int) __attribute__((noreturn))'
exit (42);
^
configure:1363:1: note: please include the header <stdlib.h> or explicitly provide a declaration for 'exit'
1 warning generated.
configure:1384: checking how to run the C preprocessor
configure:1405: gcc -E  conftest.c >/dev/null 2>conftest.out
configure:1465: checking whether gcc needs -traditional
configure:1490:10: fatal error: 'termio.h' file not found
#include <termio.h>
         ^
1 error generated.
configure:1511: checking whether make sets ${MAKE}
configure:1545: checking host system type
configure:1567: checking for Cygwin environment
configure:1583: gcc -c -g -O2  conftest.c 1>&5
configure:1579:8: error: use of undeclared identifier '__CYGWIN32__'
return __CYGWIN__;
       ^
configure:1577:20: note: expanded from macro '__CYGWIN__'
#define __CYGWIN__ __CYGWIN32__
                   ^
1 error generated.
configure: failed program was:
#line 1572 "configure"
#include "confdefs.h"

int main() {

#ifndef __CYGWIN__
#define __CYGWIN__ __CYGWIN32__
#endif
return __CYGWIN__;
; return 0; }
configure:1600: checking for mingw32 environment
configure:1612: gcc -c -g -O2  conftest.c 1>&5
configure:1608:8: error: use of undeclared identifier '__MINGW32__'
return __MINGW32__;
       ^
1 error generated.
configure: failed program was:
#line 1605 "configure"
#include "confdefs.h"

int main() {
return __MINGW32__;
; return 0; }
configure:1698: checking build system type
configure:1727: checking for ld used by GCC
configure:1795: checking if the linker (/Applications/Xcode.app/Contents/Developer/Toolchains/XcodeDefault.xctoolchain/usr/bin/ld) is GNU ld
configure:1812: checking for /Applications/Xcode.app/Contents/Developer/Toolchains/XcodeDefault.xctoolchain/usr/bin/ld option to reload object files
configure:1824: checking for BSD-compatible nm
configure:1862: checking whether ln -s works
configure:1883: checking how to recognise dependant libraries
configure:2056: checking for object suffix
configure:2062: gcc -c -g -O2  conftest.c 1>&5
configure:2082: checking for executable suffix
configure:2092: gcc -o conftest -g -O2   conftest.c  1>&5
configure:2123: checking command to parse /usr/bin/nm output
configure:2199: gcc -c -g -O2  conftest.c 1>&5
configure:2202: /usr/bin/nm conftest.o | sed -n -e 's/^.*[ ]\([BCDEGRST][BCDEGRST]*\)[ ][ ]*\(\)\([_A-Za-z][_A-Za-z0-9]*\)$/\1 \2\3 \3/p' > conftest.nm
cannot find nm_test_var in conftest.nm
configure:2199: gcc -c -g -O2  conftest.c 1>&5
configure:2202: /usr/bin/nm conftest.o | sed -n -e 's/^.*[ ]\([BCDEGRST][BCDEGRST]*\)[ ][ ]*\(_\)\([_A-Za-z][_A-Za-z0-9]*\)$/\1 \2\3 \3/p' > conftest.nm
configure:2253: gcc -o conftest.dSYM -g -O2   conftest.c conftstm.o 1>&5
ld: can't open output file for writing: conftest.dSYM, errno=21 for architecture x86_64
clang: error: linker command failed with exit code 1 (use -v to see invocation)
configure:2299: checking for dlfcn.h
configure:2309: gcc -E  conftest.c >/dev/null 2>conftest.out
configure:2477: checking for ranlib
configure:2544: checking for strip
configure:3052: checking for objdir
configure:3079: checking for gcc option to produce PIC
configure:3231: checking if gcc PIC flag -fno-common works
configure:3245: gcc -c -g -O2 -fno-common -DPIC  conftest.c 1>&5
configure:3297: checking if gcc static flag -static works
configure:3312: gcc -o conftest.dSYM -g -O2   -static conftest.c  1>&5
ld: library not found for -lcrt0.o
clang: error: linker command failed with exit code 1 (use -v to see invocation)
configure: failed program was:
#line 3305 "configure"
#include "confdefs.h"

int main() {

; return 0; }
configure:3339: checking if gcc supports -c -o file.o
configure:3358: gcc -c -g -O2 -o out/conftest2.o  conftest.c 1>&5
configure:3387: checking if gcc supports -c -o file.lo
configure:3403: gcc -c -g -O2 -c -o conftest.lo  conftest.c 1>&5
configure:3452: checking if gcc supports -fno-rtti -fno-exceptions
configure:3465: gcc -c -g -O2 -fno-rtti -fno-exceptions -c conftest.c  conftest.c 1>&5
configure:3492: checking whether the linker (/Applications/Xcode.app/Contents/Developer/Toolchains/XcodeDefault.xctoolchain/usr/bin/ld) supports shared libraries
configure:4108: checking how to hardcode library paths into programs
configure:4136: checking whether stripping libraries is possible
configure:4150: checking dynamic linker characteristics
configure:4536: checking if libtool supports shared libraries
configure:5029: checking whether -lc should be explicitly linked in
configure:5036: gcc -c -g -O2  conftest.c 1>&5
configure:5049: gcc -dynamiclib  -o conftest conftest.o  -install_name /conftest  2>&1 | grep  -lc  >/dev/null 2>&1
configure:5628: checking for strerror in -lcposix
configure:5647: gcc -o conftest.dSYM -g -O2   conftest.c -lcposix   1>&5
configure:5640:6: warning: incompatible redeclaration of library function 'strerror' [-Wincompatible-library-redeclaration]
char strerror();
     ^
configure:5640:6: note: 'strerror' is a builtin with type 'char *(int)'
1 warning generated.
ld: library not found for -lcposix
clang: error: linker command failed with exit code 1 (use -v to see invocation)
configure: failed program was:
#line 5636 "configure"
#include "confdefs.h"
/* Override any gcc2 internal prototype to avoid an error.  */
/* We use char because int might match the return type of a gcc2
    builtin and then its argument prototype would still apply.  */
char strerror();

int main() {
strerror()
; return 0; }
configure:5678: checking how to run the C++ preprocessor
configure:5696: c++ -E  conftest.C >/dev/null 2>conftest.out
configure:5721: checking for ANSI C header files
configure:5734: c++ -E  conftest.C >/dev/null 2>conftest.out
configure:5801: c++ -o conftest.dSYM -g -O2   conftest.C  1>&5
configure:5796:67: error: use of undeclared identifier 'exit'
if (XOR (islower (i), ISLOWER (i)) || toupper (i) != TOUPPER (i)) exit(2);
                                                                  ^
configure:5797:1: error: use of undeclared identifier 'exit'
exit (0); }
^
2 errors generated.
configure: failed program was:
#line 5790 "configure"
#include "confdefs.h"
#include <ctype.h>
#define ISLOWER(c) ('a' <= (c) && (c) <= 'z')
#define TOUPPER(c) (ISLOWER(c) ? 'A' + ((c) - 'a') : (c))
#define XOR(e, f) (((e) && !(f)) || (!(e) && (f)))
int main () { int i; for (i = 0; i < 256; i++)
if (XOR (islower (i), ISLOWER (i)) || toupper (i) != TOUPPER (i)) exit(2);
exit (0); }

configure:5829: checking for stdio.h
configure:5839: c++ -E  conftest.C >/dev/null 2>conftest.out
configure:5829: checking for string.h
configure:5839: c++ -E  conftest.C >/dev/null 2>conftest.out
configure:5829: checking for math.h
configure:5839: c++ -E  conftest.C >/dev/null 2>conftest.out
configure:5829: checking for stdlib.h
configure:5839: c++ -E  conftest.C >/dev/null 2>conftest.out
configure:5829: checking for unistd.h
configure:5839: c++ -E  conftest.C >/dev/null 2>conftest.out
configure:5829: checking for ctype.h
configure:5839: c++ -E  conftest.C >/dev/null 2>conftest.out
configure:5829: checking for getopt.h
configure:5839: c++ -E  conftest.C >/dev/null 2>conftest.out
configure:5829: checking for sys/types.h
configure:5839: c++ -E  conftest.C >/dev/null 2>conftest.out
configure:5829: checking for sys/times.h
configure:5839: c++ -E  conftest.C >/dev/null 2>conftest.out
configure:5829: checking for windows.h
configure:5839: c++ -E  conftest.C >/dev/null 2>conftest.out
configure:5835:10: fatal error: 'windows.h' file not found
#include <windows.h>
         ^
1 error generated.
configure: failed program was:
#line 5834 "configure"
#include "confdefs.h"
#include <windows.h>
configure:5867: checking for pid_t
configure:5900: checking for size_t
configure:5934: checking for pow in -lm
configure:5956: c++ -o conftest.dSYM -g -O2   conftest.C -lm   1>&5
configure:5984: checking for exp in -lm
configure:6006: c++ -o conftest.dSYM -g -O2   conftest.C -lm  -lm  1>&5
configure:6037: checking for isspace
configure:6068: c++ -o conftest.dSYM -g -O2   conftest.C -lm -lm  1>&5
configure:6037: checking for getopt
configure:6068: c++ -o conftest.dSYM -g -O2   conftest.C -lm -lm  1>&5
configure:6037: checking for getopt_long
configure:6068: c++ -o conftest.dSYM -g -O2   conftest.C -lm -lm  1>&5
configure:6037: checking for memset
configure:6068: c++ -o conftest.dSYM -g -O2   conftest.C -lm -lm  1>&5
configure:6037: checking for bzero
configure:6068: c++ -o conftest.dSYM -g -O2   conftest.C -lm -lm  1>&5
configure:6037: checking for memcpy
configure:6068: c++ -o conftest.dSYM -g -O2   conftest.C -lm -lm  1>&5
configure:6037: checking for bcopy
configure:6068: c++ -o conftest.dSYM -g -O2   conftest.C -lm -lm  1>&5
configure:6094: checking whether make is GNU Make
configure:6124: checking whether gcc accepts -mieee-fp
configure:6143: gcc -o conftest.dSYM -Wall -O9 -funroll-all-loops -finline -ffast-math -mieee-fp   conftest.c -lm -lm  1>&5
configure:6163: checking whether c++ accepts -mieee-fp
configure:6182: c++ -o conftest.dSYM -Wall -O9 -funroll-all-loops -finline -ffast-math -mieee-fp   conftest.C -lm -lm  1>&5
configure:6369: checking if c++ supports template <class T> (required)
configure:6384: c++ -c -Wall -O9 -funroll-all-loops -finline -ffast-math -mieee-fp  conftest.C 1>&5
configure:6403: checking if c++ supports const_cast<> (required)
configure:6417: c++ -c -Wall -O9 -funroll-all-loops -finline -ffast-math -mieee-fp  conftest.C 1>&5
configure:6412:9: warning: unused variable 'c1' [-Wunused-variable]
   foo *c1=const_cast<foo*>(c);
        ^
1 warning generated.
configure:6436: checking if c++ supports static_cast<> (required)
configure:6450: c++ -c -Wall -O9 -funroll-all-loops -finline -ffast-math -mieee-fp  conftest.C 1>&5
configure:6445:10: warning: unused variable 'c1' [-Wunused-variable]
   void *c1 = static_cast<void *>(c);
         ^
1 warning generated.
configure:6469: checking if c++ supports dynamic_cast<> (required)
configure:6484: c++ -c -Wall -O9 -funroll-all-loops -finline -ffast-math -mieee-fp  conftest.C 1>&5
configure:6479:9: warning: unused variable 'c1' [-Wunused-variable]
   foo *c1 = dynamic_cast<foo *>(c);
        ^
1 warning generated.
configure:6503: checking if c++ supports bool (required)
configure:6516: c++ -c -Wall -O9 -funroll-all-loops -finline -ffast-math -mieee-fp  conftest.C 1>&5
configure:6510:9: warning: unused variable 'b' [-Wunused-variable]
   bool b=true;
        ^
configure:6511:9: warning: unused variable 'b1' [-Wunused-variable]
   bool b1=false;
        ^
2 warnings generated.
configure:6535: checking if c++ supports namespaces (required) 
configure:6549: c++ -c -Wall -O9 -funroll-all-loops -finline -ffast-math -mieee-fp  conftest.C 1>&5
configure:6544:3: warning: unused variable 'a' [-Wunused-variable]
A a;
  ^
1 warning generated.
configure:6569: checking if c++ uses std namespace 
configure:6584: c++ -c -Wall -O9 -funroll-all-loops -finline -ffast-math -mieee-fp  conftest.C 1>&5
configure:6640: checking if c++ environment provides all required features
configure:6682: checking for java
configure:6721: checking for javac
configure:6760: checking for jar
configure:6794: checking for java include file jni.h
